<?xml version="1.0" encoding="UTF-8"?>
<Site BuildName="(empty)"
	BuildStamp="20240122-0502-Experimental"
	Name="david-XPS-15-9520"
	Generator="ctest-3.16.3"
	CompilerName="/usr/bin/g++"
	CompilerVersion="11.4.0"
	OSName="Linux"
	Hostname="david-XPS-15-9520"
	OSRelease="5.15.0-91-generic"
	OSVersion="#101~20.04.1-Ubuntu SMP Thu Nov 16 14:22:28 UTC 2023"
	OSPlatform="x86_64"
	Is64Bits="1"
	VendorString="GenuineIntel"
	VendorID="Intel Corporation"
	FamilyID="6"
	ModelID="154"
	ProcessorCacheSize="24576"
	NumberOfLogicalCPU="20"
	NumberOfPhysicalCPU="14"
	TotalVirtualMemory="2047"
	TotalPhysicalMemory="15666"
	LogicalProcessorsPerPhysical="1"
	ProcessorClockFrequency="1593.9"
	>
	<Testing>
		<StartDateTime>Jan 22 14:02 KST</StartDateTime>
		<StartTestTime>1705899731</StartTestTime>
		<TestList/>
		<EndDateTime>Jan 22 14:02 KST</EndDateTime>
		<EndTestTime>1705899731</EndTestTime>
		<ElapsedMinutes>0</ElapsedMinutes>
	</Testing>
</Site>
