<?xml version="1.0" encoding="UTF-8"?>
<Site BuildName="(empty)"
	BuildStamp="20231229-0832-Experimental"
	Name="david-XPS-15-9520"
	Generator="ctest-3.16.3"
	CompilerName="/usr/bin/g++"
	CompilerVersion="11.4.0"
	OSName="Linux"
	Hostname="david-XPS-15-9520"
	OSRelease="5.15.0-87-generic"
	OSVersion="#97~20.04.1-Ubuntu SMP Thu Oct 5 08:25:28 UTC 2023"
	OSPlatform="x86_64"
	Is64Bits="1"
	VendorString="GenuineIntel"
	VendorID="Intel Corporation"
	FamilyID="6"
	ModelID="154"
	ProcessorCacheSize="24576"
	NumberOfLogicalCPU="20"
	NumberOfPhysicalCPU="14"
	TotalVirtualMemory="2047"
	TotalPhysicalMemory="15666"
	LogicalProcessorsPerPhysical="1"
	ProcessorClockFrequency="2986.81"
	>
	<Testing>
		<StartDateTime>Dec 29 17:32 KST</StartDateTime>
		<StartTestTime>1703838776</StartTestTime>
		<TestList/>
		<EndDateTime>Dec 29 17:32 KST</EndDateTime>
		<EndTestTime>1703838776</EndTestTime>
		<ElapsedMinutes>0</ElapsedMinutes>
	</Testing>
</Site>
